2023-06-09T09:48:11.224612Z 0 [Warning] [MY-010097] [Server] Insecure configuration for --secure-file-priv: Current value does not restrict location of generated files. Consider setting it to a valid, non-empty path.
2023-06-09T09:48:11.224674Z 0 [Warning] [MY-010918] [Server] 'default_authentication_plugin' is deprecated and will be removed in a future release. Please use authentication_policy instead.
2023-06-09T09:48:11.224714Z 0 [System] [MY-010116] [Server] C:\laragon\bin\mysql\mysql-8.0.30-winx64\bin\mysqld (mysqld 8.0.30) starting as process 7776
2023-06-09T09:48:11.257102Z 1 [System] [MY-013576] [InnoDB] InnoDB initialization has started.
2023-06-09T09:48:11.572694Z 1 [System] [MY-013577] [InnoDB] InnoDB initialization has ended.
2023-06-09T09:48:12.007611Z 0 [Warning] [MY-013829] [Server] Missing data directory for ICU regular expressions: C:\laragon\bin\mysql\mysql-8.0.30-winx64\lib\private\.
2023-06-09T09:48:12.011978Z 0 [Warning] [MY-010068] [Server] CA certificate ca.pem is self signed.
2023-06-09T09:48:12.012671Z 0 [System] [MY-013602] [Server] Channel mysql_main configured to support TLS. Encrypted connections are now supported for this channel.
2023-06-09T09:48:12.066903Z 0 [System] [MY-011323] [Server] X Plugin ready for connections. Bind-address: '::' port: 33060
2023-06-09T09:48:12.067111Z 0 [System] [MY-010931] [Server] C:\laragon\bin\mysql\mysql-8.0.30-winx64\bin\mysqld: ready for connections. Version: '8.0.30'  socket: ''  port: 3306  MySQL Community Server - GPL.
2023-06-09T11:01:48.603328Z 10 [System] [MY-013172] [Server] Received SHUTDOWN from user root. Shutting down mysqld (Version: 8.0.30).
2023-06-09T11:01:48.604770Z 0 [System] [MY-013105] [Server] C:\laragon\bin\mysql\mysql-8.0.30-winx64\bin\mysqld: Normal shutdown.
2023-06-09T11:01:50.615678Z 0 [Warning] [MY-010909] [Server] C:\laragon\bin\mysql\mysql-8.0.30-winx64\bin\mysqld: Forcing close of thread 8  user: 'root'.
2023-06-09T11:01:50.618568Z 0 [Warning] [MY-010909] [Server] C:\laragon\bin\mysql\mysql-8.0.30-winx64\bin\mysqld: Forcing close of thread 9  user: 'root'.
2023-06-09T11:01:51.445326Z 0 [System] [MY-010910] [Server] C:\laragon\bin\mysql\mysql-8.0.30-winx64\bin\mysqld: Shutdown complete (mysqld 8.0.30)  MySQL Community Server - GPL.
2023-06-09T11:03:53.104184Z 0 [Warning] [MY-010097] [Server] Insecure configuration for --secure-file-priv: Current value does not restrict location of generated files. Consider setting it to a valid, non-empty path.
2023-06-09T11:03:53.104267Z 0 [Warning] [MY-010918] [Server] 'default_authentication_plugin' is deprecated and will be removed in a future release. Please use authentication_policy instead.
2023-06-09T11:03:53.104313Z 0 [System] [MY-010116] [Server] C:\laragon\bin\mysql\mysql-8.0.30-winx64\bin\mysqld (mysqld 8.0.30) starting as process 20608
2023-06-09T11:03:53.150429Z 1 [System] [MY-013576] [InnoDB] InnoDB initialization has started.
2023-06-09T11:03:53.709801Z 1 [System] [MY-013577] [InnoDB] InnoDB initialization has ended.
2023-06-09T11:03:54.206963Z 0 [Warning] [MY-013829] [Server] Missing data directory for ICU regular expressions: C:\laragon\bin\mysql\mysql-8.0.30-winx64\lib\private\.
2023-06-09T11:03:54.220532Z 0 [Warning] [MY-010068] [Server] CA certificate ca.pem is self signed.
2023-06-09T11:03:54.221786Z 0 [System] [MY-013602] [Server] Channel mysql_main configured to support TLS. Encrypted connections are now supported for this channel.
2023-06-09T11:03:54.288132Z 0 [System] [MY-011323] [Server] X Plugin ready for connections. Bind-address: '::' port: 33060
2023-06-09T11:03:54.288367Z 0 [System] [MY-010931] [Server] C:\laragon\bin\mysql\mysql-8.0.30-winx64\bin\mysqld: ready for connections. Version: '8.0.30'  socket: ''  port: 3306  MySQL Community Server - GPL.
2023-06-09T11:12:33.986173Z 12 [System] [MY-013172] [Server] Received SHUTDOWN from user root. Shutting down mysqld (Version: 8.0.30).
2023-06-09T11:12:33.987374Z 0 [System] [MY-013105] [Server] C:\laragon\bin\mysql\mysql-8.0.30-winx64\bin\mysqld: Normal shutdown.
2023-06-09T11:12:35.989348Z 0 [Warning] [MY-010909] [Server] C:\laragon\bin\mysql\mysql-8.0.30-winx64\bin\mysqld: Forcing close of thread 10  user: 'root'.
2023-06-09T11:12:35.991968Z 0 [Warning] [MY-010909] [Server] C:\laragon\bin\mysql\mysql-8.0.30-winx64\bin\mysqld: Forcing close of thread 11  user: 'root'.
2023-06-09T11:12:37.272519Z 0 [System] [MY-010910] [Server] C:\laragon\bin\mysql\mysql-8.0.30-winx64\bin\mysqld: Shutdown complete (mysqld 8.0.30)  MySQL Community Server - GPL.
2023-06-09T13:38:34.295056Z 0 [Warning] [MY-010097] [Server] Insecure configuration for --secure-file-priv: Current value does not restrict location of generated files. Consider setting it to a valid, non-empty path.
2023-06-09T13:38:34.295123Z 0 [Warning] [MY-010918] [Server] 'default_authentication_plugin' is deprecated and will be removed in a future release. Please use authentication_policy instead.
2023-06-09T13:38:34.295166Z 0 [System] [MY-010116] [Server] C:\laragon\bin\mysql\mysql-8.0.30-winx64\bin\mysqld (mysqld 8.0.30) starting as process 3360
2023-06-09T13:38:34.386717Z 1 [System] [MY-013576] [InnoDB] InnoDB initialization has started.
2023-06-09T13:38:34.824057Z 1 [System] [MY-013577] [InnoDB] InnoDB initialization has ended.
2023-06-09T13:38:35.230267Z 0 [Warning] [MY-013829] [Server] Missing data directory for ICU regular expressions: C:\laragon\bin\mysql\mysql-8.0.30-winx64\lib\private\.
2023-06-09T13:38:35.254171Z 0 [Warning] [MY-010068] [Server] CA certificate ca.pem is self signed.
2023-06-09T13:38:35.265082Z 0 [System] [MY-013602] [Server] Channel mysql_main configured to support TLS. Encrypted connections are now supported for this channel.
2023-06-09T13:38:35.320737Z 0 [System] [MY-011323] [Server] X Plugin ready for connections. Bind-address: '::' port: 33060
2023-06-09T13:38:35.320822Z 0 [System] [MY-010931] [Server] C:\laragon\bin\mysql\mysql-8.0.30-winx64\bin\mysqld: ready for connections. Version: '8.0.30'  socket: ''  port: 3306  MySQL Community Server - GPL.
2023-06-09T21:12:19.829455Z 16 [System] [MY-013172] [Server] Received SHUTDOWN from user root. Shutting down mysqld (Version: 8.0.30).
2023-06-09T21:12:19.847578Z 0 [System] [MY-013105] [Server] C:\laragon\bin\mysql\mysql-8.0.30-winx64\bin\mysqld: Normal shutdown.
2023-06-09T21:12:21.874742Z 0 [Warning] [MY-010909] [Server] C:\laragon\bin\mysql\mysql-8.0.30-winx64\bin\mysqld: Forcing close of thread 10  user: 'root'.
2023-06-09T21:12:21.896169Z 0 [Warning] [MY-010909] [Server] C:\laragon\bin\mysql\mysql-8.0.30-winx64\bin\mysqld: Forcing close of thread 11  user: 'root'.
2023-06-09T21:12:22.574280Z 0 [System] [MY-010910] [Server] C:\laragon\bin\mysql\mysql-8.0.30-winx64\bin\mysqld: Shutdown complete (mysqld 8.0.30)  MySQL Community Server - GPL.
2023-06-13T09:33:35.360835Z 0 [Warning] [MY-010097] [Server] Insecure configuration for --secure-file-priv: Current value does not restrict location of generated files. Consider setting it to a valid, non-empty path.
2023-06-13T09:33:35.361664Z 0 [Warning] [MY-010918] [Server] 'default_authentication_plugin' is deprecated and will be removed in a future release. Please use authentication_policy instead.
2023-06-13T09:33:35.361737Z 0 [System] [MY-010116] [Server] C:\laragon\bin\mysql\mysql-8.0.30-winx64\bin\mysqld (mysqld 8.0.30) starting as process 21592
2023-06-13T09:33:35.703049Z 1 [System] [MY-013576] [InnoDB] InnoDB initialization has started.
2023-06-13T09:33:37.985557Z 1 [System] [MY-013577] [InnoDB] InnoDB initialization has ended.
2023-06-13T09:33:38.891060Z 0 [Warning] [MY-013829] [Server] Missing data directory for ICU regular expressions: C:\laragon\bin\mysql\mysql-8.0.30-winx64\lib\private\.
2023-06-13T09:33:38.983011Z 0 [Warning] [MY-010068] [Server] CA certificate ca.pem is self signed.
2023-06-13T09:33:39.008499Z 0 [System] [MY-013602] [Server] Channel mysql_main configured to support TLS. Encrypted connections are now supported for this channel.
2023-06-13T09:33:39.177362Z 0 [System] [MY-011323] [Server] X Plugin ready for connections. Bind-address: '::' port: 33060
2023-06-13T09:33:39.178341Z 0 [System] [MY-010931] [Server] C:\laragon\bin\mysql\mysql-8.0.30-winx64\bin\mysqld: ready for connections. Version: '8.0.30'  socket: ''  port: 3306  MySQL Community Server - GPL.
2023-06-22T13:28:26.287426Z 0 [Warning] [MY-010097] [Server] Insecure configuration for --secure-file-priv: Current value does not restrict location of generated files. Consider setting it to a valid, non-empty path.
2023-06-22T13:28:26.287481Z 0 [Warning] [MY-010918] [Server] 'default_authentication_plugin' is deprecated and will be removed in a future release. Please use authentication_policy instead.
2023-06-22T13:28:26.287519Z 0 [System] [MY-010116] [Server] C:\laragon\bin\mysql\mysql-8.0.30-winx64\bin\mysqld (mysqld 8.0.30) starting as process 8000
2023-06-22T13:28:26.392189Z 1 [System] [MY-013576] [InnoDB] InnoDB initialization has started.
2023-06-22T13:28:27.155639Z 1 [System] [MY-013577] [InnoDB] InnoDB initialization has ended.
2023-06-22T13:28:27.446145Z 0 [System] [MY-010229] [Server] Starting XA crash recovery...
2023-06-22T13:28:27.460673Z 0 [System] [MY-010232] [Server] XA crash recovery finished.
2023-06-22T13:28:27.506636Z 0 [Warning] [MY-013829] [Server] Missing data directory for ICU regular expressions: C:\laragon\bin\mysql\mysql-8.0.30-winx64\lib\private\.
2023-06-22T13:28:27.532543Z 0 [Warning] [MY-010068] [Server] CA certificate ca.pem is self signed.
2023-06-22T13:28:27.543460Z 0 [System] [MY-013602] [Server] Channel mysql_main configured to support TLS. Encrypted connections are now supported for this channel.
2023-06-22T13:28:27.564123Z 0 [ERROR] [MY-010262] [Server] Can't start server: Bind on TCP/IP port: Solo se permite un uso de cada dirección de socket (protocolo/dirección de red/puerto) 
2023-06-22T13:28:27.584767Z 0 [ERROR] [MY-010257] [Server] Do you already have another mysqld server running on port: 3306 ?
2023-06-22T13:28:27.598342Z 0 [ERROR] [MY-010119] [Server] Aborting
2023-06-22T13:28:28.840438Z 0 [System] [MY-010910] [Server] C:\laragon\bin\mysql\mysql-8.0.30-winx64\bin\mysqld: Shutdown complete (mysqld 8.0.30)  MySQL Community Server - GPL.
